VirtualState_Packet.o 
Collision_Packet.o 
Command_Data.o 
Command_Packet.o 
GetUserState_Packet.o 
NewPos_Data.o 
NewPos_Packet.o 
NewPosResponse_Packet.o 
Packet.o 
Registration_Data.o 
Registration_Packet.o 
Stairs_Data.o 
Stairs_Packet.o 
Tracker_Data.o 
Tracker_Packet.o 
Treadport_Types.o 
TRQuaternion.o 
TRVector.o 
UserState_Data.o 
UserState_Packet.o 
VirtualState_Data.o 
Collision_Data.o 
FSRSignals_Data.o 
FSRSignals_Packet.o 
ServerRequest_Packet.o 
ServerRequest_Data.o 
ByteArray_Data.o 
ByteArray_Packet.o 
